2024-11-20T23:07:57.298+07:00  INFO 12572 --- [learnjavaspringboot] [main] c.e.l.LearnjavaspringbootApplication     : Starting LearnjavaspringbootApplication using Java 17.0.12 with PID 12572 (Z:\learnjavaspringboot\target\classes started by Predator in Z:\learnjavaspringboot)
2024-11-20T23:07:57.301+07:00  INFO 12572 --- [learnjavaspringboot] [main] c.e.l.LearnjavaspringbootApplication     : No active profile set, falling back to 1 default profile: "default"
2024-11-20T23:07:58.112+07:00  INFO 12572 --- [learnjavaspringboot] [main] .s.d.r.c.RepositoryConfigurationDelegate : Bootstrapping Spring Data JPA repositories in DEFAULT mode.
2024-11-20T23:07:58.174+07:00  INFO 12572 --- [learnjavaspringboot] [main] .s.d.r.c.RepositoryConfigurationDelegate : Finished Spring Data repository scanning in 54 ms. Found 2 JPA repository interfaces.
2024-11-20T23:07:58.779+07:00  INFO 12572 --- [learnjavaspringboot] [main] o.s.b.w.embedded.tomcat.TomcatWebServer  : Tomcat initialized with port 8080 (http)
2024-11-20T23:07:58.797+07:00  INFO 12572 --- [learnjavaspringboot] [main] o.apache.catalina.core.StandardService   : Starting service [Tomcat]
2024-11-20T23:07:58.797+07:00  INFO 12572 --- [learnjavaspringboot] [main] o.apache.catalina.core.StandardEngine    : Starting Servlet engine: [Apache Tomcat/10.1.31]
2024-11-20T23:07:58.852+07:00  INFO 12572 --- [learnjavaspringboot] [main] o.a.c.c.C.[Tomcat].[localhost].[/]       : Initializing Spring embedded WebApplicationContext
2024-11-20T23:07:58.853+07:00  INFO 12572 --- [learnjavaspringboot] [main] w.s.c.ServletWebServerApplicationContext : Root WebApplicationContext: initialization completed in 1497 ms
2024-11-20T23:07:58.983+07:00  INFO 12572 --- [learnjavaspringboot] [main] com.zaxxer.hikari.HikariDataSource       : HikariPool-1 - Starting...
2024-11-20T23:07:59.119+07:00  INFO 12572 --- [learnjavaspringboot] [main] com.zaxxer.hikari.pool.HikariPool        : HikariPool-1 - Added connection com.mysql.cj.jdbc.ConnectionImpl@e29f4f6
2024-11-20T23:07:59.121+07:00  INFO 12572 --- [learnjavaspringboot] [main] com.zaxxer.hikari.HikariDataSource       : HikariPool-1 - Start completed.
2024-11-20T23:07:59.153+07:00  INFO 12572 --- [learnjavaspringboot] [main] o.hibernate.jpa.internal.util.LogHelper  : HHH000204: Processing PersistenceUnitInfo [name: default]
2024-11-20T23:07:59.200+07:00  INFO 12572 --- [learnjavaspringboot] [main] org.hibernate.Version                    : HHH000412: Hibernate ORM core version 6.5.3.Final
2024-11-20T23:07:59.232+07:00  INFO 12572 --- [learnjavaspringboot] [main] o.h.c.internal.RegionFactoryInitiator    : HHH000026: Second-level cache disabled
2024-11-20T23:07:59.497+07:00  INFO 12572 --- [learnjavaspringboot] [main] o.s.o.j.p.SpringPersistenceUnitInfo      : No LoadTimeWeaver setup: ignoring JPA class transformer
2024-11-20T23:07:59.570+07:00  WARN 12572 --- [learnjavaspringboot] [main] org.hibernate.dialect.Dialect            : HHH000511: The 5.5.5 version for [org.hibernate.dialect.MySQLDialect] is no longer supported, hence certain features may not work properly. The minimum supported version is 8.0.0. Check the community dialects project for available legacy versions.
2024-11-20T23:08:00.330+07:00  INFO 12572 --- [learnjavaspringboot] [main] o.h.e.t.j.p.i.JtaPlatformInitiator       : HHH000489: No JTA platform available (set 'hibernate.transaction.jta.platform' to enable JTA platform integration)
2024-11-20T23:08:00.332+07:00  INFO 12572 --- [learnjavaspringboot] [main] j.LocalContainerEntityManagerFactoryBean : Initialized JPA EntityManagerFactory for persistence unit 'default'
2024-11-20T23:08:00.653+07:00  INFO 12572 --- [learnjavaspringboot] [main] o.s.d.j.r.query.QueryEnhancerFactory     : Hibernate is in classpath; If applicable, HQL parser will be used.
2024-11-20T23:08:00.987+07:00  WARN 12572 --- [learnjavaspringboot] [main] JpaBaseConfiguration$JpaWebConfiguration : spring.jpa.open-in-view is enabled by default. Therefore, database queries may be performed during view rendering. Explicitly configure spring.jpa.open-in-view to disable this warning
2024-11-20T23:08:01.401+07:00  INFO 12572 --- [learnjavaspringboot] [main] o.s.b.w.embedded.tomcat.TomcatWebServer  : Tomcat started on port 8080 (http) with context path '/'
2024-11-20T23:08:01.409+07:00  INFO 12572 --- [learnjavaspringboot] [main] c.e.l.LearnjavaspringbootApplication     : Started LearnjavaspringbootApplication in 4.669 seconds (process running for 5.029)
2024-11-20T23:08:28.214+07:00  INFO 12572 --- [learnjavaspringboot] [http-nio-8080-exec-2] o.a.c.c.C.[Tomcat].[localhost].[/]       : Initializing Spring DispatcherServlet 'dispatcherServlet'
2024-11-20T23:08:28.215+07:00  INFO 12572 --- [learnjavaspringboot] [http-nio-8080-exec-2] o.s.web.servlet.DispatcherServlet        : Initializing Servlet 'dispatcherServlet'
2024-11-20T23:08:28.216+07:00  INFO 12572 --- [learnjavaspringboot] [http-nio-8080-exec-2] o.s.web.servlet.DispatcherServlet        : Completed initialization in 1 ms
2024-11-20T23:08:28.254+07:00  INFO 12572 --- [learnjavaspringboot] [http-nio-8080-exec-2] c.e.l.p.services.GetProductService       : Executing class com.example.learnjavaspringboot.product.services.GetProductService input: 14
2024-11-20T23:08:28.332+07:00 ERROR 12572 --- [learnjavaspringboot] [http-nio-8080-exec-2] c.e.l.e.ProductNotFoundException         : Exception class com.example.learnjavaspringboot.exceptions.ProductNotFoundException thrown
2024-11-20T23:10:35.926+07:00  INFO 12572 --- [learnjavaspringboot] [SpringApplicationShutdownHook] j.LocalContainerEntityManagerFactoryBean : Closing JPA EntityManagerFactory for persistence unit 'default'
2024-11-20T23:10:35.928+07:00  INFO 12572 --- [learnjavaspringboot] [SpringApplicationShutdownHook] com.zaxxer.hikari.HikariDataSource       : HikariPool-1 - Shutdown initiated...
2024-11-20T23:10:35.937+07:00  INFO 12572 --- [learnjavaspringboot] [SpringApplicationShutdownHook] com.zaxxer.hikari.HikariDataSource       : HikariPool-1 - Shutdown completed.
